{'api_version': 'v1',
 'items': [{'api_version': None,
            'kind': None,
            'metadata': {'annotations': {'sidecar.istio.io/status': '{"version":"2a321b69ff852f7d3fa5f2c41b1d032f1b3fd8e698e47c68d9e7fd06c595620f","initContainers":["istio-init"],"containers":["istio-proxy"],"volumes":["istio-envoy","istio-certs"],"imagePullSecrets":null}'},
                         'cluster_name': None,
                         'creation_timestamp': datetime.datetime(2020, 2, 24, 2, 32, 18, tzinfo=tzutc()),
                         'deletion_grace_period_seconds': None,
                         'deletion_timestamp': None,
                         'finalizers': None,
                         'generate_name': 'tf-test-',
                         'generation': None,
                         'initializers': None,
                         'labels': {'app': 'tf-test',
                                    'controller-revision-hash': 'tf-test-5f646c6c46',
                                    'notebook-name': 'tf-test',
                                    'statefulset': 'tf-test',
                                    'statefulset.kubernetes.io/pod-name': 'tf-test-0'},
                         'managed_fields': None,
                         'name': 'tf-test-0',
                         'namespace': 'admin',
                         'owner_references': [{'api_version': 'apps/v1',
                                               'block_owner_deletion': True,
                                               'controller': True,
                                               'kind': 'StatefulSet',
                                               'name': 'tf-test',
                                               'uid': '269cdcd0-4b9d-43f1-9bc6-680c9f7d4889'}],
                         'resource_version': '810637',
                         'self_link': '/api/v1/namespaces/admin/pods/tf-test-0',
                         'uid': '6d10271c-d0a9-42ae-a83c-5f65d190fc3a'},
            'spec': {'active_deadline_seconds': None,
                     'affinity': None,
                     'automount_service_account_token': None,
                     'containers': [{'args': None,
                                     'command': None,
                                     'env': [{'name': 'NB_PREFIX',
                                              'value': '/notebook/admin/tf-test',
                                              'value_from': None}],
                                     'env_from': None,
                                     'image': 'gcr.io/kubeflow-images-public/tensorflow-2.0.0a0-notebook-gpu:v0.7.0',
                                     'image_pull_policy': 'IfNotPresent',
                                     'lifecycle': None,
                                     'liveness_probe': None,
                                     'name': 'tf-test',
                                     'ports': [{'container_port': 8888,
                                                'host_ip': None,
                                                'host_port': None,
                                                'name': 'notebook-port',
                                                'protocol': 'TCP'}],
                                     'readiness_probe': None,
                                     'resources': {'limits': {'nvidia.com/gpu': '2'},
                                                   'requests': {'cpu': '500m',
                                                                'memory': '1Gi',
                                                                'nvidia.com/gpu': '2'}},
                                     'security_context': None,
                                     'stdin': None,
                                     'stdin_once': None,
                                     'termination_message_path': '/dev/termination-log',
                                     'termination_message_policy': 'File',
                                     'tty': None,
                                     'volume_devices': None,
                                     'volume_mounts': [{'mount_path': '/home/jovyan',
                                                        'mount_propagation': None,
                                                        'name': 'workspace-tf-test',
                                                        'read_only': None,
                                                        'sub_path': None,
                                                        'sub_path_expr': None},
                                                       {'mount_path': '/dev/shm',
                                                        'mount_propagation': None,
                                                        'name': 'dshm',
                                                        'read_only': None,
                                                        'sub_path': None,
                                                        'sub_path_expr': None},
                                                       {'mount_path': '/var/run/secrets/kubernetes.io/serviceaccount',
                                                        'mount_propagation': None,
                                                        'name': 'default-editor-token-plbsf',
                                                        'read_only': True,
                                                        'sub_path': None,
                                                        'sub_path_expr': None}],
                                     'working_dir': '/home/jovyan'},
                                    {'args': ['proxy',
                                              'sidecar',
                                              '--domain',
                                              '$(POD_NAMESPACE).svc.cluster.local',
                                              '--configPath',
                                              '/etc/istio/proxy',
                                              '--binaryPath',
                                              '/usr/local/bin/envoy',
                                              '--serviceCluster',
                                              'tf-test.$(POD_NAMESPACE)',
                                              '--drainDuration',
                                              '45s',
                                              '--parentShutdownDuration',
                                              '1m0s',
                                              '--discoveryAddress',
                                              'istio-pilot.istio-system:15010',
                                              '--zipkinAddress',
                                              'zipkin.istio-system:9411',
                                              '--connectTimeout',
                                              '10s',
                                              '--proxyAdminPort',
                                              '15000',
                                              '--concurrency',
                                              '2',
                                              '--controlPlaneAuthPolicy',
                                              'NONE',
                                              '--statusPort',
                                              '15020',
                                              '--applicationPorts',
                                              '8888'],
                                     'command': None,
                                     'env': [{'name': 'POD_NAME',
                                              'value': None,
                                              'value_from': {'config_map_key_ref': None,
                                                             'field_ref': {'api_version': 'v1',
                                                                           'field_path': 'metadata.name'},
                                                             'resource_field_ref': None,
                                                             'secret_key_ref': None}},
                                             {'name': 'POD_NAMESPACE',
                                              'value': None,
                                              'value_from': {'config_map_key_ref': None,
                                                             'field_ref': {'api_version': 'v1',
                                                                           'field_path': 'metadata.namespace'},
                                                             'resource_field_ref': None,
                                                             'secret_key_ref': None}},
                                             {'name': 'INSTANCE_IP',
                                              'value': None,
                                              'value_from': {'config_map_key_ref': None,
                                                             'field_ref': {'api_version': 'v1',
                                                                           'field_path': 'status.podIP'},
                                                             'resource_field_ref': None,
                                                             'secret_key_ref': None}},
                                             {'name': 'ISTIO_META_POD_NAME',
                                              'value': None,
                                              'value_from': {'config_map_key_ref': None,
                                                             'field_ref': {'api_version': 'v1',
                                                                           'field_path': 'metadata.name'},
                                                             'resource_field_ref': None,
                                                             'secret_key_ref': None}},
                                             {'name': 'ISTIO_META_CONFIG_NAMESPACE',
                                              'value': None,
                                              'value_from': {'config_map_key_ref': None,
                                                             'field_ref': {'api_version': 'v1',
                                                                           'field_path': 'metadata.namespace'},
                                                             'resource_field_ref': None,
                                                             'secret_key_ref': None}},
                                             {'name': 'ISTIO_META_INTERCEPTION_MODE',
                                              'value': 'REDIRECT',
                                              'value_from': None},
                                             {'name': 'ISTIO_METAJSON_LABELS',
                                              'value': '{"app":"tf-test","controller-revision-hash":"tf-test-5f646c6c46","notebook-name":"tf-test","statefulset":"tf-test","statefulset.kubernetes.io/pod-name":"tf-test-0"}\n',
                                              'value_from': None}],
                                     'env_from': None,
                                     'image': 'docker.io/istio/proxyv2:1.1.6',
                                     'image_pull_policy': 'IfNotPresent',
                                     'lifecycle': None,
                                     'liveness_probe': None,
                                     'name': 'istio-proxy',
                                     'ports': [{'container_port': 15090,
                                                'host_ip': None,
                                                'host_port': None,
                                                'name': 'http-envoy-prom',
                                                'protocol': 'TCP'}],
                                     'readiness_probe': {'_exec': None,
                                                         'failure_threshold': 30,
                                                         'http_get': {'host': None,
                                                                      'http_headers': None,
                                                                      'path': '/healthz/ready',
                                                                      'port': 15020,
                                                                      'scheme': 'HTTP'},
                                                         'initial_delay_seconds': 1,
                                                         'period_seconds': 2,
                                                         'success_threshold': 1,
                                                         'tcp_socket': None,
                                                         'timeout_seconds': 1},
                                     'resources': {'limits': {'cpu': '2',
                                                              'memory': '256Mi'},
                                                   'requests': {'cpu': '10m',
                                                                'memory': '40Mi'}},
                                     'security_context': {'allow_privilege_escalation': None,
                                                          'capabilities': None,
                                                          'privileged': None,
                                                          'proc_mount': None,
                                                          'read_only_root_filesystem': True,
                                                          'run_as_group': None,
                                                          'run_as_non_root': None,
                                                          'run_as_user': 1337,
                                                          'se_linux_options': None,
                                                          'windows_options': None},
                                     'stdin': None,
                                     'stdin_once': None,
                                     'termination_message_path': '/dev/termination-log',
                                     'termination_message_policy': 'File',
                                     'tty': None,
                                     'volume_devices': None,
                                     'volume_mounts': [{'mount_path': '/etc/istio/proxy',
                                                        'mount_propagation': None,
                                                        'name': 'istio-envoy',
                                                        'read_only': None,
                                                        'sub_path': None,
                                                        'sub_path_expr': None},
                                                       {'mount_path': '/etc/certs/',
                                                        'mount_propagation': None,
                                                        'name': 'istio-certs',
                                                        'read_only': True,
                                                        'sub_path': None,
                                                        'sub_path_expr': None},
                                                       {'mount_path': '/var/run/secrets/kubernetes.io/serviceaccount',
                                                        'mount_propagation': None,
                                                        'name': 'default-editor-token-plbsf',
                                                        'read_only': True,
                                                        'sub_path': None,
                                                        'sub_path_expr': None}],
                                     'working_dir': None}],
                     'dns_config': None,
                     'dns_policy': 'ClusterFirst',
                     'enable_service_links': True,
                     'host_aliases': None,
                     'host_ipc': None,
                     'host_network': None,
                     'host_pid': None,
                     'hostname': 'tf-test-0',
                     'image_pull_secrets': None,
                     'init_containers': [{'args': ['-p',
                                                   '15001',
                                                   '-u',
                                                   '1337',
                                                   '-m',
                                                   'REDIRECT',
                                                   '-i',
                                                   '*',
                                                   '-x',
                                                   '',
                                                   '-b',
                                                   '8888',
                                                   '-d',
                                                   '15020'],
                                          'command': None,
                                          'env': None,
                                          'env_from': None,
                                          'image': 'docker.io/istio/proxy_init:1.1.6',
                                          'image_pull_policy': 'IfNotPresent',
                                          'lifecycle': None,
                                          'liveness_probe': None,
                                          'name': 'istio-init',
                                          'ports': None,
                                          'readiness_probe': None,
                                          'resources': {'limits': {'cpu': '100m',
                                                                   'memory': '50Mi'},
                                                        'requests': {'cpu': '10m',
                                                                     'memory': '10Mi'}},
                                          'security_context': {'allow_privilege_escalation': None,
                                                               'capabilities': {'add': ['NET_ADMIN'],
                                                                                'drop': None},
                                                               'privileged': None,
                                                               'proc_mount': None,
                                                               'read_only_root_filesystem': None,
                                                               'run_as_group': None,
                                                               'run_as_non_root': False,
                                                               'run_as_user': 0,
                                                               'se_linux_options': None,
                                                               'windows_options': None},
                                          'stdin': None,
                                          'stdin_once': None,
                                          'termination_message_path': '/dev/termination-log',
                                          'termination_message_policy': 'File',
                                          'tty': None,
                                          'volume_devices': None,
                                          'volume_mounts': [{'mount_path': '/var/run/secrets/kubernetes.io/serviceaccount',
                                                             'mount_propagation': None,
                                                             'name': 'default-editor-token-plbsf',
                                                             'read_only': True,
                                                             'sub_path': None,
                                                             'sub_path_expr': None}],
                                          'working_dir': None}],
                     'node_name': 'gpu01',
                     'node_selector': None,
                     'preemption_policy': None,
                     'priority': 0,
                     'priority_class_name': None,
                     'readiness_gates': None,
                     'restart_policy': 'Always',
                     'runtime_class_name': None,
                     'scheduler_name': 'default-scheduler',
                     'security_context': {'fs_group': 100,
                                          'run_as_group': None,
                                          'run_as_non_root': None,
                                          'run_as_user': None,
                                          'se_linux_options': None,
                                          'supplemental_groups': None,
                                          'sysctls': None,
                                          'windows_options': None},
                     'service_account': 'default-editor',
                     'service_account_name': 'default-editor',
                     'share_process_namespace': None,
                     'subdomain': None,
                     'termination_grace_period_seconds': 30,
                     'tolerations': [{'effect': 'NoExecute',
                                      'key': 'node.kubernetes.io/not-ready',
                                      'operator': 'Exists',
                                      'toleration_seconds': 300,
                                      'value': None},
                                     {'effect': 'NoExecute',
                                      'key': 'node.kubernetes.io/unreachable',
                                      'operator': 'Exists',
                                      'toleration_seconds': 300,
                                      'value': None}],
                     'volumes': [{'aws_elastic_block_store': None,
                                  'azure_disk': None,
                                  'azure_file': None,
                                  'cephfs': None,
                                  'cinder': None,
                                  'config_map': None,
                                  'csi': None,
                                  'downward_api': None,
                                  'empty_dir': None,
                                  'fc': None,
                                  'flex_volume': None,
                                  'flocker': None,
                                  'gce_persistent_disk': None,
                                  'git_repo': None,
                                  'glusterfs': None,
                                  'host_path': None,
                                  'iscsi': None,
                                  'name': 'workspace-tf-test',
                                  'nfs': None,
                                  'persistent_volume_claim': {'claim_name': 'workspace-tf-test',
                                                              'read_only': None},
                                  'photon_persistent_disk': None,
                                  'portworx_volume': None,
                                  'projected': None,
                                  'quobyte': None,
                                  'rbd': None,
                                  'scale_io': None,
                                  'secret': None,
                                  'storageos': None,
                                  'vsphere_volume': None},
                                 {'aws_elastic_block_store': None,
                                  'azure_disk': None,
                                  'azure_file': None,
                                  'cephfs': None,
                                  'cinder': None,
                                  'config_map': None,
                                  'csi': None,
                                  'downward_api': None,
                                  'empty_dir': {'medium': 'Memory',
                                                'size_limit': None},
                                  'fc': None,
                                  'flex_volume': None,
                                  'flocker': None,
                                  'gce_persistent_disk': None,
                                  'git_repo': None,
                                  'glusterfs': None,
                                  'host_path': None,
                                  'iscsi': None,
                                  'name': 'dshm',
                                  'nfs': None,
                                  'persistent_volume_claim': None,
                                  'photon_persistent_disk': None,
                                  'portworx_volume': None,
                                  'projected': None,
                                  'quobyte': None,
                                  'rbd': None,
                                  'scale_io': None,
                                  'secret': None,
                                  'storageos': None,
                                  'vsphere_volume': None},
                                 {'aws_elastic_block_store': None,
                                  'azure_disk': None,
                                  'azure_file': None,
                                  'cephfs': None,
                                  'cinder': None,
                                  'config_map': None,
                                  'csi': None,
                                  'downward_api': None,
                                  'empty_dir': None,
                                  'fc': None,
                                  'flex_volume': None,
                                  'flocker': None,
                                  'gce_persistent_disk': None,
                                  'git_repo': None,
                                  'glusterfs': None,
                                  'host_path': None,
                                  'iscsi': None,
                                  'name': 'default-editor-token-plbsf',
                                  'nfs': None,
                                  'persistent_volume_claim': None,
                                  'photon_persistent_disk': None,
                                  'portworx_volume': None,
                                  'projected': None,
                                  'quobyte': None,
                                  'rbd': None,
                                  'scale_io': None,
                                  'secret': {'default_mode': 420,
                                             'items': None,
                                             'optional': None,
                                             'secret_name': 'default-editor-token-plbsf'},
                                  'storageos': None,
                                  'vsphere_volume': None},
                                 {'aws_elastic_block_store': None,
                                  'azure_disk': None,
                                  'azure_file': None,
                                  'cephfs': None,
                                  'cinder': None,
                                  'config_map': None,
                                  'csi': None,
                                  'downward_api': None,
                                  'empty_dir': {'medium': 'Memory',
                                                'size_limit': None},
                                  'fc': None,
                                  'flex_volume': None,
                                  'flocker': None,
                                  'gce_persistent_disk': None,
                                  'git_repo': None,
                                  'glusterfs': None,
                                  'host_path': None,
                                  'iscsi': None,
                                  'name': 'istio-envoy',
                                  'nfs': None,
                                  'persistent_volume_claim': None,
                                  'photon_persistent_disk': None,
                                  'portworx_volume': None,
                                  'projected': None,
                                  'quobyte': None,
                                  'rbd': None,
                                  'scale_io': None,
                                  'secret': None,
                                  'storageos': None,
                                  'vsphere_volume': None},
                                 {'aws_elastic_block_store': None,
                                  'azure_disk': None,
                                  'azure_file': None,
                                  'cephfs': None,
                                  'cinder': None,
                                  'config_map': None,
                                  'csi': None,
                                  'downward_api': None,
                                  'empty_dir': None,
                                  'fc': None,
                                  'flex_volume': None,
                                  'flocker': None,
                                  'gce_persistent_disk': None,
                                  'git_repo': None,
                                  'glusterfs': None,
                                  'host_path': None,
                                  'iscsi': None,
                                  'name': 'istio-certs',
                                  'nfs': None,
                                  'persistent_volume_claim': None,
                                  'photon_persistent_disk': None,
                                  'portworx_volume': None,
                                  'projected': None,
                                  'quobyte': None,
                                  'rbd': None,
                                  'scale_io': None,
                                  'secret': {'default_mode': 420,
                                             'items': None,
                                             'optional': True,
                                             'secret_name': 'istio.default-editor'},
                                  'storageos': None,
                                  'vsphere_volume': None}]},
            'status': {'conditions': [{'last_probe_time': None,
                                       'last_transition_time': datetime.datetime(2020, 2, 24, 2, 32, 23, tzinfo=tzutc()),
                                       'message': None,
                                       'reason': None,
                                       'status': 'True',
                                       'type': 'Initialized'},
                                      {'last_probe_time': None,
                                       'last_transition_time': datetime.datetime(2020, 2, 24, 3, 36, 11, tzinfo=tzutc()),
                                       'message': None,
                                       'reason': None,
                                       'status': 'True',
                                       'type': 'Ready'},
                                      {'last_probe_time': None,
                                       'last_transition_time': datetime.datetime(2020, 2, 24, 3, 36, 11, tzinfo=tzutc()),
                                       'message': None,
                                       'reason': None,
                                       'status': 'True',
                                       'type': 'ContainersReady'},
                                      {'last_probe_time': None,
                                       'last_transition_time': datetime.datetime(2020, 2, 24, 2, 32, 18, tzinfo=tzutc()),
                                       'message': None,
                                       'reason': None,
                                       'status': 'True',
                                       'type': 'PodScheduled'}],
                       'container_statuses': [{'container_id': 'docker://04c0fe37b4040aa5d48242de96e28eae9fd7c2a111faae8f83f6a1988e9f9ede',
                                               'image': 'istio/proxyv2:1.1.6',
                                               'image_id': 'docker-pullable://istio/proxyv2@sha256:e7ee1ad38bd5b556ad0527ac691a9f647b66835960417b154c5d28b2ed9219cb',
                                               'last_state': {'running': None,
                                                              'terminated': None,
                                                              'waiting': None},
                                               'name': 'istio-proxy',
                                               'ready': True,
                                               'restart_count': 0,
                                               'state': {'running': {'started_at': datetime.datetime(2020, 2, 24, 3, 36, 4, tzinfo=tzutc())},
                                                         'terminated': None,
                                                         'waiting': None}},
                                              {'container_id': 'docker://86f18aaf51dec1105a0d90ce6a4368da70c4e85f2d7d1172fdd4b6d38ca8a2e1',
                                               'image': 'gcr.io/kubeflow-images-public/tensorflow-2.0.0a0-notebook-gpu:v0.7.0',
                                               'image_id': 'docker-pullable://gcr.io/kubeflow-images-public/tensorflow-2.0.0a0-notebook-gpu@sha256:5c68ba7d700814c3deb8f91787ee2dd95c1ad5d3e2a11e8b328d55ca507c7b20',
                                               'last_state': {'running': None,
                                                              'terminated': None,
                                                              'waiting': None},
                                               'name': 'tf-test',
                                               'ready': True,
                                               'restart_count': 0,
                                               'state': {'running': {'started_at': datetime.datetime(2020, 2, 24, 3, 36, 4, tzinfo=tzutc())},
                                                         'terminated': None,
                                                         'waiting': None}}],
                       'host_ip': '10.0.0.201',
                       'init_container_statuses': [{'container_id': 'docker://1dddaf652b3f31d94b9cf95b97157afc806ae5257a7fe908bdd41de63d09f8e2',
                                                    'image': 'istio/proxy_init:1.1.6',
                                                    'image_id': 'docker-pullable://istio/proxy_init@sha256:54d89fb2b3b0a2365f2d2b0a8862f1f8320a63ab6a09c637c60f13f6021c4609',
                                                    'last_state': {'running': None,
                                                                   'terminated': None,
                                                                   'waiting': None},
                                                    'name': 'istio-init',
                                                    'ready': True,
                                                    'restart_count': 0,
                                                    'state': {'running': None,
                                                              'terminated': {'container_id': 'docker://1dddaf652b3f31d94b9cf95b97157afc806ae5257a7fe908bdd41de63d09f8e2',
                                                                             'exit_code': 0,
                                                                             'finished_at': datetime.datetime(2020, 2, 24, 2, 32, 23, tzinfo=tzutc()),
                                                                             'message': None,
                                                                             'reason': 'Completed',
                                                                             'signal': None,
                                                                             'started_at': datetime.datetime(2020, 2, 24, 2, 32, 21, tzinfo=tzutc())},
                                                              'waiting': None}}],
                       'message': None,
                       'nominated_node_name': None,
                       'phase': 'Running',
                       'pod_ip': '10.233.91.100',
                       'qos_class': 'Burstable',
                       'reason': None,
                       'start_time': datetime.datetime(2020, 2, 24, 2, 32, 18, tzinfo=tzutc())}}],
 'kind': 'PodList',
 'metadata': {'_continue': None,
              'remaining_item_count': None,
              'resource_version': '2340192',
              'self_link': '/api/v1/namespaces/admin/pods'}}
stop!
