Listing pods with their IPs:
{'api_version': 'v1',
 'items': [{'api_version': None,
            'kind': None,
            'metadata': {'annotations': {u'kubectl.kubernetes.io/last-applied-configuration': '{"apiVersion":"v1","kind":"ResourceQuota","metadata":{"annotations":{},"name":"compute-quota","namespace":"dannylin"},"spec":{"hard":{"limits.cpu":"4","limits.memory":"16Gi","limits.nvidia.com/gpu":2,"requests.cpu":"4","requests.memory":"16Gi","requests.nvidia.com/gpu":2}}}\n'},
                         'cluster_name': None,
                         'creation_timestamp': datetime.datetime(2020, 2, 6, 1, 35, 17, tzinfo=tzlocal()),
                         'deletion_grace_period_seconds': None,
                         'deletion_timestamp': None,
                         'finalizers': None,
                         'generate_name': None,
                         'generation': None,
                         'initializers': None,
                         'labels': None,
                         'managed_fields': None,
                         'name': 'compute-quota',
                         'namespace': 'dannylin',
                         'owner_references': None,
                         'resource_version': '10425196',
                         'self_link': '/api/v1/namespaces/dannylin/resourcequotas/compute-quota',
                         'uid': 'c21fc254-bc15-45f6-ae65-bc5043696302'},
            'spec': {'hard': {u'limits.cpu': '4',
                              u'limits.memory': '16Gi',
                              u'limits.nvidia.com/gpu': '2',
                              u'requests.cpu': '4',
                              u'requests.memory': '16Gi',
                              u'requests.nvidia.com/gpu': '2'},
                     'scope_selector': None,
                     'scopes': None},
            'status': {'hard': {u'limits.cpu': '4',
                                u'limits.memory': '16Gi',
                                u'limits.nvidia.com/gpu': '2',
                                u'requests.cpu': '4',
                                u'requests.memory': '16Gi',
                                u'requests.nvidia.com/gpu': '2'},
                       'used': {u'limits.cpu': '4',
                                u'limits.memory': '8448Mi',
                                u'requests.cpu': '510m',
                                u'requests.memory': '1064Mi',
                                u'requests.nvidia.com/gpu': '2'}}},
           {'api_version': None,
            'kind': None,
            'metadata': {'annotations': {u'kubectl.kubernetes.io/last-applied-configuration': '{"apiVersion":"v1","kind":"ResourceQuota","metadata":{"annotations":{},"name":"object-quota","namespace":"dannylin"},"spec":{"hard":{"configmaps":"10","persistentvolumeclaims":"4","replicationcontrollers":"20","secrets":"10","services":"10","services.loadbalancers":"2"}}}\n'},
                         'cluster_name': None,
                         'creation_timestamp': datetime.datetime(2020, 2, 6, 1, 35, 17, tzinfo=tzlocal()),
                         'deletion_grace_period_seconds': None,
                         'deletion_timestamp': None,
                         'finalizers': None,
                         'generate_name': None,
                         'generation': None,
                         'initializers': None,
                         'labels': None,
                         'managed_fields': None,
                         'name': 'object-quota',
                         'namespace': 'dannylin',
                         'owner_references': None,
                         'resource_version': '10425192',
                         'self_link': '/api/v1/namespaces/dannylin/resourcequotas/object-quota',
                         'uid': 'd4fb08a5-b8a8-4fc8-bdfd-a4c8d71db044'},
            'spec': {'hard': {u'configmaps': '10',
                              u'persistentvolumeclaims': '4',
                              u'replicationcontrollers': '20',
                              u'secrets': '10',
                              u'services': '10',
                              u'services.loadbalancers': '2'},
                     'scope_selector': None,
                     'scopes': None},
            'status': {'hard': {u'configmaps': '10',
                                u'persistentvolumeclaims': '4',
                                u'replicationcontrollers': '20',
                                u'secrets': '10',
                                u'services': '10',
                                u'services.loadbalancers': '2'},
                       'used': {u'configmaps': '0',
                                u'persistentvolumeclaims': '3',
                                u'replicationcontrollers': '0',
                                u'secrets': '6',
                                u'services': '1',
                                u'services.loadbalancers': '0'}}}],
 'kind': 'ResourceQuotaList',
 'metadata': {'_continue': None,
              'remaining_item_count': None,
              'resource_version': '14216879',
              'self_link': '/api/v1/namespaces/dannylin/resourcequotas'}}
{'namespace': 'dannylin', 'podname': 'ml-0', 'start_time':'2020-02-12 09:02:27+00:00', 'lastupdate_time': 2020-02-19 09:11:14.189582+00:00, 'phase': 'Running', 'cpu': '500m', 'memory': '1Gi', 'nvidia.com/gpu': 2,'uuid': ['GPU-f8ba439f-97b5-936e-4f27-d7e37e5afd02', 'GPU-6a5ea4ab-0f49-b07b-b653-892c8d4d88e3']}
{'api_version': 'v1',
 'items': [{'api_version': None,
            'kind': None,
            'metadata': {'annotations': {u'kubectl.kubernetes.io/last-applied-configuration': '{"apiVersion":"v1","kind":"ResourceQuota","metadata":{"annotations":{},"name":"compute-quota","namespace":"jeffyfhuang"},"spec":{"hard":{"limits.cpu":"4","limits.memory":"16Gi","limits.nvidia.com/gpu":2,"requests.cpu":"4","requests.memory":"16Gi","requests.nvidia.com/gpu":2}}}\n'},
                         'cluster_name': None,
                         'creation_timestamp': datetime.datetime(2020, 2, 6, 1, 38, 11, tzinfo=tzlocal()),
                         'deletion_grace_period_seconds': None,
                         'deletion_timestamp': None,
                         'finalizers': None,
                         'generate_name': None,
                         'generation': None,
                         'initializers': None,
                         'labels': None,
                         'managed_fields': None,
                         'name': 'compute-quota',
                         'namespace': 'jeffyfhuang',
                         'owner_references': None,
                         'resource_version': '13075064',
                         'self_link': '/api/v1/namespaces/jeffyfhuang/resourcequotas/compute-quota',
                         'uid': '77386736-8e94-4d17-81d0-25b3a7eb2167'},
            'spec': {'hard': {u'limits.cpu': '4',
                              u'limits.memory': '16Gi',
                              u'limits.nvidia.com/gpu': '2',
                              u'requests.cpu': '4',
                              u'requests.memory': '16Gi',
                              u'requests.nvidia.com/gpu': '2'},
                     'scope_selector': None,
                     'scopes': None},
            'status': {'hard': {u'limits.cpu': '4',
                                u'limits.memory': '16Gi',
                                u'limits.nvidia.com/gpu': '2',
                                u'requests.cpu': '4',
                                u'requests.memory': '16Gi',
                                u'requests.nvidia.com/gpu': '2'},
                       'used': {u'limits.cpu': '4',
                                u'limits.memory': '8448Mi',
                                u'requests.cpu': '2010m',
                                u'requests.memory': '8232Mi',
                                u'requests.nvidia.com/gpu': '2'}}},
           {'api_version': None,
            'kind': None,
            'metadata': {'annotations': {u'kubectl.kubernetes.io/last-applied-configuration': '{"apiVersion":"v1","kind":"ResourceQuota","metadata":{"annotations":{},"name":"object-quota","namespace":"jeffyfhuang"},"spec":{"hard":{"configmaps":"10","persistentvolumeclaims":"4","replicationcontrollers":"20","secrets":"10","services":"10","services.loadbalancers":"2"}}}\n'},
                         'cluster_name': None,
                         'creation_timestamp': datetime.datetime(2020, 2, 6, 1, 38, 11, tzinfo=tzlocal()),
                         'deletion_grace_period_seconds': None,
                         'deletion_timestamp': None,
                         'finalizers': None,
                         'generate_name': None,
                         'generation': None,
                         'initializers': None,
                         'labels': None,
                         'managed_fields': None,
                         'name': 'object-quota',
                         'namespace': 'jeffyfhuang',
                         'owner_references': None,
                         'resource_version': '13075060',
                         'self_link': '/api/v1/namespaces/jeffyfhuang/resourcequotas/object-quota',
                         'uid': 'b3201a2c-53bc-4205-ae0c-19d20feeefff'},
            'spec': {'hard': {u'configmaps': '10',
                              u'persistentvolumeclaims': '4',
                              u'replicationcontrollers': '20',
                              u'secrets': '10',
                              u'services': '10',
                              u'services.loadbalancers': '2'},
                     'scope_selector': None,
                     'scopes': None},
            'status': {'hard': {u'configmaps': '10',
                                u'persistentvolumeclaims': '4',
                                u'replicationcontrollers': '20',
                                u'secrets': '10',
                                u'services': '10',
                                u'services.loadbalancers': '2'},
                       'used': {u'configmaps': '0',
                                u'persistentvolumeclaims': '2',
                                u'replicationcontrollers': '0',
                                u'secrets': '6',
                                u'services': '1',
                                u'services.loadbalancers': '0'}}}],
 'kind': 'ResourceQuotaList',
 'metadata': {'_continue': None,
              'remaining_item_count': None,
              'resource_version': '14216890',
              'self_link': '/api/v1/namespaces/jeffyfhuang/resourcequotas'}}
{'namespace': 'jeffyfhuang', 'podname': 'tf-test-0', 'start_time':'2020-02-17 06:19:03+00:00', 'lastupdate_time': 2020-02-19 09:11:15.275975+00:00, 'phase': 'Running', 'cpu': '2', 'memory': '8Gi', 'nvidia.com/gpu': 2,'uuid': ['GPU-ec824811-3381-8c0e-a44b-db87bf4064aa', 'GPU-ddde5b9a-6308-d1e1-7c7d-b7cc929e7c0c']}
